<?xml version="1.0" encoding="UTF-8"?>
<!-- Generated by org.testng.reporters.JUnitXMLReporter -->
<testsuite ignored="0" hostname="DESKTOP-SI1VTBO" failures="0" tests="3" name="chrome" time="36.659" errors="0" timestamp="2022-09-20T16:32:17 IST">
  <testcase classname="com.myecom.testcases.DemoTest" name="test2" time="0.012"/>
  <testcase classname="com.myecom.testcases.DemoTest" name="test3" time="0.002"/>
  <testcase classname="com.myecom.testcases.DemoTest" name="test1" time="0.006"/>
</testsuite> <!-- chrome -->
