<?xml version="1.0" encoding="UTF-8"?>
<!-- Generated by org.testng.reporters.JUnitXMLReporter -->
<testsuite ignored="0" hostname="DESKTOP-SI1VTBO" failures="0" tests="3" name="firefox" time="90.655" errors="0" timestamp="2022-09-20T16:33:48 IST">
  <testcase classname="com.myecom.testcases.DemoTest" name="test2" time="0.005"/>
  <testcase classname="com.myecom.testcases.DemoTest" name="test3" time="0.005"/>
  <testcase classname="com.myecom.testcases.DemoTest" name="test1" time="0.004"/>
</testsuite> <!-- firefox -->
