<?xml version="1.0" encoding="UTF-8"?>
<testng-results ignored="0" total="3" passed="2" failed="1" skipped="0">
  <reporter-output>
  </reporter-output>
  <suite started-at="2022-09-21T20:09:49 IST" name="Default suite" finished-at="2022-09-21T20:11:03 IST" duration-ms="73691">
    <groups>
      <group name="regression">
        <method signature="DemoTest.test2()[pri:1, instance:com.myecom.testcases.DemoTest@4803b726]" name="test2" class="com.myecom.testcases.DemoTest"/>
      </group> <!-- regression -->
      <group name="smoke">
        <method signature="DemoTest.test1()[pri:3, instance:com.myecom.testcases.DemoTest@4803b726]" name="test1" class="com.myecom.testcases.DemoTest"/>
      </group> <!-- smoke -->
      <group name="sanity">
        <method signature="DemoTest.test2()[pri:1, instance:com.myecom.testcases.DemoTest@4803b726]" name="test2" class="com.myecom.testcases.DemoTest"/>
        <method signature="DemoTest.test3()[pri:1, instance:com.myecom.testcases.DemoTest@4803b726]" name="test3" class="com.myecom.testcases.DemoTest"/>
      </group> <!-- sanity -->
    </groups>
    <test started-at="2022-09-21T20:09:49 IST" name="Default test" finished-at="2022-09-21T20:11:03 IST" duration-ms="73691">
      <class name="com.myecom.testcases.DemoTest">
        <test-method is-config="true" signature="readProp()[pri:0, instance:com.myecom.testcases.DemoTest@4803b726]" started-at="2022-09-21T20:09:49 IST" name="readProp" finished-at="2022-09-21T20:09:50 IST" duration-ms="13" status="PASS">
          <reporter-output>
          </reporter-output>
        </test-method> <!-- readProp -->
        <test-method is-config="true" signature="setup()[pri:0, instance:com.myecom.testcases.DemoTest@4803b726]" started-at="2022-09-21T20:09:50 IST" name="setup" finished-at="2022-09-21T20:10:14 IST" duration-ms="24761" status="PASS">
          <reporter-output>
          </reporter-output>
        </test-method> <!-- setup -->
        <test-method signature="test2()[pri:1, instance:com.myecom.testcases.DemoTest@4803b726]" started-at="2022-09-21T20:10:14 IST" name="test2" finished-at="2022-09-21T20:10:14 IST" duration-ms="15" status="FAIL">
          <exception class="java.lang.AssertionError">
            <message>
              <![CDATA[null]]>
            </message>
            <full-stacktrace>
              <![CDATA[java.lang.AssertionError: null
at org.testng.Assert.fail(Assert.java:99)
at org.testng.Assert.fail(Assert.java:106)
at com.myecom.testcases.DemoTest.test2(DemoTest.java:41)
at java.base/jdk.internal.reflect.NativeMethodAccessorImpl.invoke0(Native Method)
at java.base/jdk.internal.reflect.NativeMethodAccessorImpl.invoke(NativeMethodAccessorImpl.java:77)
at java.base/jdk.internal.reflect.DelegatingMethodAccessorImpl.invoke(DelegatingMethodAccessorImpl.java:43)
at java.base/java.lang.reflect.Method.invoke(Method.java:568)
at org.testng.internal.MethodInvocationHelper.invokeMethod(MethodInvocationHelper.java:133)
at org.testng.internal.TestInvoker.invokeMethod(TestInvoker.java:598)
at org.testng.internal.TestInvoker.invokeTestMethod(TestInvoker.java:173)
at org.testng.internal.MethodRunner.runInSequence(MethodRunner.java:46)
at org.testng.internal.TestInvoker$MethodInvocationAgent.invoke(TestInvoker.java:824)
at org.testng.internal.TestInvoker.invokeTestMethods(TestInvoker.java:146)
at org.testng.internal.TestMethodWorker.invokeTestMethods(TestMethodWorker.java:146)
at org.testng.internal.TestMethodWorker.run(TestMethodWorker.java:128)
at java.base/java.util.ArrayList.forEach(ArrayList.java:1511)
at org.testng.TestRunner.privateRun(TestRunner.java:794)
at org.testng.TestRunner.run(TestRunner.java:596)
at org.testng.SuiteRunner.runTest(SuiteRunner.java:377)
at org.testng.SuiteRunner.runSequentially(SuiteRunner.java:371)
at org.testng.SuiteRunner.privateRun(SuiteRunner.java:332)
at org.testng.SuiteRunner.run(SuiteRunner.java:276)
at org.testng.SuiteRunnerWorker.runSuite(SuiteRunnerWorker.java:53)
at org.testng.SuiteRunnerWorker.run(SuiteRunnerWorker.java:96)
at org.testng.TestNG.runSuitesSequentially(TestNG.java:1212)
at org.testng.TestNG.runSuitesLocally(TestNG.java:1134)
at org.testng.TestNG.runSuites(TestNG.java:1063)
at org.testng.TestNG.run(TestNG.java:1031)
at org.testng.remote.AbstractRemoteTestNG.run(AbstractRemoteTestNG.java:115)
at org.testng.remote.RemoteTestNG.initAndRun(RemoteTestNG.java:251)
at org.testng.remote.RemoteTestNG.main(RemoteTestNG.java:77)
]]>
            </full-stacktrace>
          </exception> <!-- java.lang.AssertionError -->
          <reporter-output>
          </reporter-output>
        </test-method> <!-- test2 -->
        <test-method is-config="true" signature="teardown()[pri:0, instance:com.myecom.testcases.DemoTest@4803b726]" started-at="2022-09-21T20:10:16 IST" name="teardown" finished-at="2022-09-21T20:10:17 IST" duration-ms="926" status="PASS">
          <reporter-output>
          </reporter-output>
        </test-method> <!-- teardown -->
        <test-method is-config="true" signature="setup()[pri:0, instance:com.myecom.testcases.DemoTest@4803b726]" started-at="2022-09-21T20:10:17 IST" name="setup" finished-at="2022-09-21T20:10:44 IST" duration-ms="27695" status="PASS">
          <reporter-output>
          </reporter-output>
        </test-method> <!-- setup -->
        <test-method signature="test3()[pri:1, instance:com.myecom.testcases.DemoTest@4803b726]" started-at="2022-09-21T20:10:44 IST" name="test3" finished-at="2022-09-21T20:10:44 IST" duration-ms="4" status="PASS">
          <reporter-output>
          </reporter-output>
        </test-method> <!-- test3 -->
        <test-method is-config="true" signature="teardown()[pri:0, instance:com.myecom.testcases.DemoTest@4803b726]" started-at="2022-09-21T20:10:45 IST" name="teardown" finished-at="2022-09-21T20:10:46 IST" duration-ms="1225" status="PASS">
          <reporter-output>
          </reporter-output>
        </test-method> <!-- teardown -->
        <test-method is-config="true" signature="setup()[pri:0, instance:com.myecom.testcases.DemoTest@4803b726]" started-at="2022-09-21T20:10:46 IST" name="setup" finished-at="2022-09-21T20:11:02 IST" duration-ms="16121" status="PASS">
          <reporter-output>
          </reporter-output>
        </test-method> <!-- setup -->
        <test-method signature="test1()[pri:3, instance:com.myecom.testcases.DemoTest@4803b726]" started-at="2022-09-21T20:11:02 IST" name="test1" finished-at="2022-09-21T20:11:02 IST" duration-ms="2" status="PASS">
          <reporter-output>
          </reporter-output>
        </test-method> <!-- test1 -->
        <test-method is-config="true" signature="teardown()[pri:0, instance:com.myecom.testcases.DemoTest@4803b726]" started-at="2022-09-21T20:11:03 IST" name="teardown" finished-at="2022-09-21T20:11:03 IST" duration-ms="430" status="PASS">
          <reporter-output>
          </reporter-output>
        </test-method> <!-- teardown -->
      </class> <!-- com.myecom.testcases.DemoTest -->
    </test> <!-- Default test -->
  </suite> <!-- Default suite -->
</testng-results>
